{"total": {"lines":{"total":5660,"covered":5223,"skipped":0,"pct":92.27},"statements":{"total":5660,"covered":5223,"skipped":0,"pct":92.27},"functions":{"total":237,"covered":234,"skipped":0,"pct":98.73},"branches":{"total":1763,"covered":1513,"skipped":0,"pct":85.81},"branchesTrue":{"total":0,"covered":0,"skipped":0,"pct":100}}
,"/Users/hue/code/cmdrouter/.worktrees/CCROUTE-AUTO-001/src/cli.ts": {"lines":{"total":1104,"covered":956,"skipped":0,"pct":86.59},"functions":{"total":22,"covered":22,"skipped":0,"pct":100},"statements":{"total":1104,"covered":956,"skipped":0,"pct":86.59},"branches":{"total":257,"covered":219,"skipped":0,"pct":85.21}}
,"/Users/hue/code/cmdrouter/.worktrees/CCROUTE-AUTO-001/src/index.ts": {"lines":{"total":12,"covered":12,"skipped":0,"pct":100},"functions":{"total":0,"covered":0,"skipped":0,"pct":100},"statements":{"total":12,"covered":12,"skipped":0,"pct":100},"branches":{"total":0,"covered":0,"skipped":0,"pct":100}}
,"/Users/hue/code/cmdrouter/.worktrees/CCROUTE-AUTO-001/src/classifier/deterministic.ts": {"lines":{"total":100,"covered":93,"skipped":0,"pct":93},"functions":{"total":2,"covered":2,"skipped":0,"pct":100},"statements":{"total":100,"covered":93,"skipped":0,"pct":93},"branches":{"total":61,"covered":57,"skipped":0,"pct":93.44}}
,"/Users/hue/code/cmdrouter/.worktrees/CCROUTE-AUTO-001/src/classifier/signals.ts": {"lines":{"total":94,"covered":94,"skipped":0,"pct":100},"functions":{"total":2,"covered":2,"skipped":0,"pct":100},"statements":{"total":94,"covered":94,"skipped":0,"pct":100},"branches":{"total":6,"covered":6,"skipped":0,"pct":100}}
,"/Users/hue/code/cmdrouter/.worktrees/CCROUTE-AUTO-001/src/cli/exit-codes.ts": {"lines":{"total":58,"covered":58,"skipped":0,"pct":100},"functions":{"total":4,"covered":4,"skipped":0,"pct":100},"statements":{"total":58,"covered":58,"skipped":0,"pct":100},"branches":{"total":17,"covered":17,"skipped":0,"pct":100}}
,"/Users/hue/code/cmdrouter/.worktrees/CCROUTE-AUTO-001/src/config/defaults.ts": {"lines":{"total":28,"covered":25,"skipped":0,"pct":89.28},"functions":{"total":4,"covered":4,"skipped":0,"pct":100},"statements":{"total":28,"covered":25,"skipped":0,"pct":89.28},"branches":{"total":6,"covered":4,"skipped":0,"pct":66.66}}
,"/Users/hue/code/cmdrouter/.worktrees/CCROUTE-AUTO-001/src/config/loader.ts": {"lines":{"total":110,"covered":94,"skipped":0,"pct":85.45},"functions":{"total":7,"covered":7,"skipped":0,"pct":100},"statements":{"total":110,"covered":94,"skipped":0,"pct":85.45},"branches":{"total":61,"covered":49,"skipped":0,"pct":80.32}}
,"/Users/hue/code/cmdrouter/.worktrees/CCROUTE-AUTO-001/src/config/merge.ts": {"lines":{"total":52,"covered":52,"skipped":0,"pct":100},"functions":{"total":6,"covered":6,"skipped":0,"pct":100},"statements":{"total":52,"covered":52,"skipped":0,"pct":100},"branches":{"total":28,"covered":28,"skipped":0,"pct":100}}
,"/Users/hue/code/cmdrouter/.worktrees/CCROUTE-AUTO-001/src/config/schemas.ts": {"lines":{"total":115,"covered":115,"skipped":0,"pct":100},"functions":{"total":0,"covered":0,"skipped":0,"pct":100},"statements":{"total":115,"covered":115,"skipped":0,"pct":100},"branches":{"total":0,"covered":0,"skipped":0,"pct":100}}
,"/Users/hue/code/cmdrouter/.worktrees/CCROUTE-AUTO-001/src/discovery/capability-probe.ts": {"lines":{"total":33,"covered":33,"skipped":0,"pct":100},"functions":{"total":1,"covered":1,"skipped":0,"pct":100},"statements":{"total":33,"covered":33,"skipped":0,"pct":100},"branches":{"total":15,"covered":15,"skipped":0,"pct":100}}
,"/Users/hue/code/cmdrouter/.worktrees/CCROUTE-AUTO-001/src/discovery/commandcode-cli.ts": {"lines":{"total":111,"covered":99,"skipped":0,"pct":89.18},"functions":{"total":6,"covered":6,"skipped":0,"pct":100},"statements":{"total":111,"covered":99,"skipped":0,"pct":89.18},"branches":{"total":51,"covered":30,"skipped":0,"pct":58.82}}
,"/Users/hue/code/cmdrouter/.worktrees/CCROUTE-AUTO-001/src/discovery/model-catalog.ts": {"lines":{"total":34,"covered":30,"skipped":0,"pct":88.23},"functions":{"total":2,"covered":2,"skipped":0,"pct":100},"statements":{"total":34,"covered":30,"skipped":0,"pct":88.23},"branches":{"total":27,"covered":22,"skipped":0,"pct":81.48}}
,"/Users/hue/code/cmdrouter/.worktrees/CCROUTE-AUTO-001/src/domain/deal.ts": {"lines":{"total":41,"covered":41,"skipped":0,"pct":100},"functions":{"total":4,"covered":4,"skipped":0,"pct":100},"statements":{"total":41,"covered":41,"skipped":0,"pct":100},"branches":{"total":20,"covered":17,"skipped":0,"pct":85}}
,"/Users/hue/code/cmdrouter/.worktrees/CCROUTE-AUTO-001/src/domain/model.ts": {"lines":{"total":73,"covered":73,"skipped":0,"pct":100},"functions":{"total":0,"covered":0,"skipped":0,"pct":100},"statements":{"total":73,"covered":73,"skipped":0,"pct":100},"branches":{"total":0,"covered":0,"skipped":0,"pct":100}}
,"/Users/hue/code/cmdrouter/.worktrees/CCROUTE-AUTO-001/src/domain/route.ts": {"lines":{"total":51,"covered":51,"skipped":0,"pct":100},"functions":{"total":0,"covered":0,"skipped":0,"pct":100},"statements":{"total":51,"covered":51,"skipped":0,"pct":100},"branches":{"total":0,"covered":0,"skipped":0,"pct":100}}
,"/Users/hue/code/cmdrouter/.worktrees/CCROUTE-AUTO-001/src/domain/task.ts": {"lines":{"total":26,"covered":26,"skipped":0,"pct":100},"functions":{"total":0,"covered":0,"skipped":0,"pct":100},"statements":{"total":26,"covered":26,"skipped":0,"pct":100},"branches":{"total":0,"covered":0,"skipped":0,"pct":100}}
,"/Users/hue/code/cmdrouter/.worktrees/CCROUTE-AUTO-001/src/domain/telemetry.ts": {"lines":{"total":31,"covered":31,"skipped":0,"pct":100},"functions":{"total":0,"covered":0,"skipped":0,"pct":100},"statements":{"total":31,"covered":31,"skipped":0,"pct":100},"branches":{"total":0,"covered":0,"skipped":0,"pct":100}}
,"/Users/hue/code/cmdrouter/.worktrees/CCROUTE-AUTO-001/src/integrations/commandcode-mod/commands.ts": {"lines":{"total":78,"covered":78,"skipped":0,"pct":100},"functions":{"total":4,"covered":4,"skipped":0,"pct":100},"statements":{"total":78,"covered":78,"skipped":0,"pct":100},"branches":{"total":35,"covered":26,"skipped":0,"pct":74.28}}
,"/Users/hue/code/cmdrouter/.worktrees/CCROUTE-AUTO-001/src/integrations/commandcode-mod/compatibility.ts": {"lines":{"total":101,"covered":90,"skipped":0,"pct":89.1},"functions":{"total":5,"covered":5,"skipped":0,"pct":100},"statements":{"total":101,"covered":90,"skipped":0,"pct":89.1},"branches":{"total":40,"covered":34,"skipped":0,"pct":85}}
,"/Users/hue/code/cmdrouter/.worktrees/CCROUTE-AUTO-001/src/integrations/commandcode-mod/errors.ts": {"lines":{"total":24,"covered":24,"skipped":0,"pct":100},"functions":{"total":3,"covered":3,"skipped":0,"pct":100},"statements":{"total":24,"covered":24,"skipped":0,"pct":100},"branches":{"total":5,"covered":5,"skipped":0,"pct":100}}
,"/Users/hue/code/cmdrouter/.worktrees/CCROUTE-AUTO-001/src/integrations/commandcode-mod/index.ts": {"lines":{"total":231,"covered":213,"skipped":0,"pct":92.2},"functions":{"total":19,"covered":17,"skipped":0,"pct":89.47},"statements":{"total":231,"covered":213,"skipped":0,"pct":92.2},"branches":{"total":46,"covered":32,"skipped":0,"pct":69.56}}
,"/Users/hue/code/cmdrouter/.worktrees/CCROUTE-AUTO-001/src/integrations/commandcode-mod/markers.ts": {"lines":{"total":36,"covered":36,"skipped":0,"pct":100},"functions":{"total":2,"covered":2,"skipped":0,"pct":100},"statements":{"total":36,"covered":36,"skipped":0,"pct":100},"branches":{"total":18,"covered":18,"skipped":0,"pct":100}}
,"/Users/hue/code/cmdrouter/.worktrees/CCROUTE-AUTO-001/src/integrations/commandcode-mod/recursion.ts": {"lines":{"total":118,"covered":118,"skipped":0,"pct":100},"functions":{"total":7,"covered":7,"skipped":0,"pct":100},"statements":{"total":118,"covered":118,"skipped":0,"pct":100},"branches":{"total":71,"covered":62,"skipped":0,"pct":87.32}}
,"/Users/hue/code/cmdrouter/.worktrees/CCROUTE-AUTO-001/src/integrations/commandcode-mod/route-prompt.ts": {"lines":{"total":78,"covered":75,"skipped":0,"pct":96.15},"functions":{"total":1,"covered":1,"skipped":0,"pct":100},"statements":{"total":78,"covered":75,"skipped":0,"pct":96.15},"branches":{"total":40,"covered":32,"skipped":0,"pct":80}}
,"/Users/hue/code/cmdrouter/.worktrees/CCROUTE-AUTO-001/src/integrations/commandcode-mod/router-client.ts": {"lines":{"total":183,"covered":174,"skipped":0,"pct":95.08},"functions":{"total":5,"covered":5,"skipped":0,"pct":100},"statements":{"total":183,"covered":174,"skipped":0,"pct":95.08},"branches":{"total":67,"covered":55,"skipped":0,"pct":82.08}}
,"/Users/hue/code/cmdrouter/.worktrees/CCROUTE-AUTO-001/src/integrations/commandcode-mod/session-state.ts": {"lines":{"total":45,"covered":45,"skipped":0,"pct":100},"functions":{"total":3,"covered":3,"skipped":0,"pct":100},"statements":{"total":45,"covered":45,"skipped":0,"pct":100},"branches":{"total":3,"covered":3,"skipped":0,"pct":100}}
,"/Users/hue/code/cmdrouter/.worktrees/CCROUTE-AUTO-001/src/integrations/commandcode-mod/telemetry.ts": {"lines":{"total":135,"covered":129,"skipped":0,"pct":95.55},"functions":{"total":8,"covered":8,"skipped":0,"pct":100},"statements":{"total":135,"covered":129,"skipped":0,"pct":95.55},"branches":{"total":48,"covered":37,"skipped":0,"pct":77.08}}
,"/Users/hue/code/cmdrouter/.worktrees/CCROUTE-AUTO-001/src/integrations/commandcode-mod/types.ts": {"lines":{"total":5,"covered":5,"skipped":0,"pct":100},"functions":{"total":0,"covered":0,"skipped":0,"pct":100},"statements":{"total":5,"covered":5,"skipped":0,"pct":100},"branches":{"total":0,"covered":0,"skipped":0,"pct":100}}
,"/Users/hue/code/cmdrouter/.worktrees/CCROUTE-AUTO-001/src/orchestration/artifacts.ts": {"lines":{"total":77,"covered":73,"skipped":0,"pct":94.8},"functions":{"total":11,"covered":11,"skipped":0,"pct":100},"statements":{"total":77,"covered":73,"skipped":0,"pct":94.8},"branches":{"total":17,"covered":16,"skipped":0,"pct":94.11}}
,"/Users/hue/code/cmdrouter/.worktrees/CCROUTE-AUTO-001/src/orchestration/diff.ts": {"lines":{"total":47,"covered":47,"skipped":0,"pct":100},"functions":{"total":1,"covered":1,"skipped":0,"pct":100},"statements":{"total":47,"covered":47,"skipped":0,"pct":100},"branches":{"total":16,"covered":10,"skipped":0,"pct":62.5}}
,"/Users/hue/code/cmdrouter/.worktrees/CCROUTE-AUTO-001/src/orchestration/orchestrator.ts": {"lines":{"total":326,"covered":268,"skipped":0,"pct":82.2},"functions":{"total":6,"covered":6,"skipped":0,"pct":100},"statements":{"total":326,"covered":268,"skipped":0,"pct":82.2},"branches":{"total":74,"covered":53,"skipped":0,"pct":71.62}}
,"/Users/hue/code/cmdrouter/.worktrees/CCROUTE-AUTO-001/src/orchestration/packet.ts": {"lines":{"total":56,"covered":54,"skipped":0,"pct":96.42},"functions":{"total":4,"covered":4,"skipped":0,"pct":100},"statements":{"total":56,"covered":54,"skipped":0,"pct":96.42},"branches":{"total":21,"covered":20,"skipped":0,"pct":95.23}}
,"/Users/hue/code/cmdrouter/.worktrees/CCROUTE-AUTO-001/src/orchestration/result-parser.ts": {"lines":{"total":82,"covered":75,"skipped":0,"pct":91.46},"functions":{"total":4,"covered":4,"skipped":0,"pct":100},"statements":{"total":82,"covered":75,"skipped":0,"pct":91.46},"branches":{"total":27,"covered":24,"skipped":0,"pct":88.88}}
,"/Users/hue/code/cmdrouter/.worktrees/CCROUTE-AUTO-001/src/orchestration/roles.ts": {"lines":{"total":7,"covered":7,"skipped":0,"pct":100},"functions":{"total":2,"covered":2,"skipped":0,"pct":100},"statements":{"total":7,"covered":7,"skipped":0,"pct":100},"branches":{"total":6,"covered":6,"skipped":0,"pct":100}}
,"/Users/hue/code/cmdrouter/.worktrees/CCROUTE-AUTO-001/src/orchestration/validation-gate.ts": {"lines":{"total":151,"covered":103,"skipped":0,"pct":68.21},"functions":{"total":5,"covered":4,"skipped":0,"pct":80},"statements":{"total":151,"covered":103,"skipped":0,"pct":68.21},"branches":{"total":32,"covered":24,"skipped":0,"pct":75}}
,"/Users/hue/code/cmdrouter/.worktrees/CCROUTE-AUTO-001/src/orchestration/validation.ts": {"lines":{"total":33,"covered":27,"skipped":0,"pct":81.81},"functions":{"total":2,"covered":2,"skipped":0,"pct":100},"statements":{"total":33,"covered":27,"skipped":0,"pct":81.81},"branches":{"total":15,"covered":11,"skipped":0,"pct":73.33}}
,"/Users/hue/code/cmdrouter/.worktrees/CCROUTE-AUTO-001/src/pricing/calculator.ts": {"lines":{"total":148,"covered":145,"skipped":0,"pct":97.97},"functions":{"total":5,"covered":5,"skipped":0,"pct":100},"statements":{"total":148,"covered":145,"skipped":0,"pct":97.97},"branches":{"total":64,"covered":61,"skipped":0,"pct":95.31}}
,"/Users/hue/code/cmdrouter/.worktrees/CCROUTE-AUTO-001/src/pricing/merge-official.ts": {"lines":{"total":182,"covered":176,"skipped":0,"pct":96.7},"functions":{"total":3,"covered":3,"skipped":0,"pct":100},"statements":{"total":182,"covered":176,"skipped":0,"pct":96.7},"branches":{"total":67,"covered":58,"skipped":0,"pct":86.56}}
,"/Users/hue/code/cmdrouter/.worktrees/CCROUTE-AUTO-001/src/pricing/official-html.ts": {"lines":{"total":139,"covered":130,"skipped":0,"pct":93.52},"functions":{"total":7,"covered":7,"skipped":0,"pct":100},"statements":{"total":139,"covered":130,"skipped":0,"pct":93.52},"branches":{"total":64,"covered":48,"skipped":0,"pct":75}}
,"/Users/hue/code/cmdrouter/.worktrees/CCROUTE-AUTO-001/src/pricing/official-source.ts": {"lines":{"total":2,"covered":2,"skipped":0,"pct":100},"functions":{"total":0,"covered":0,"skipped":0,"pct":100},"statements":{"total":2,"covered":2,"skipped":0,"pct":100},"branches":{"total":0,"covered":0,"skipped":0,"pct":100}}
,"/Users/hue/code/cmdrouter/.worktrees/CCROUTE-AUTO-001/src/pricing/refresh.ts": {"lines":{"total":140,"covered":104,"skipped":0,"pct":74.28},"functions":{"total":4,"covered":4,"skipped":0,"pct":100},"statements":{"total":140,"covered":104,"skipped":0,"pct":74.28},"branches":{"total":35,"covered":29,"skipped":0,"pct":82.85}}
,"/Users/hue/code/cmdrouter/.worktrees/CCROUTE-AUTO-001/src/pricing/snapshot.ts": {"lines":{"total":224,"covered":214,"skipped":0,"pct":95.53},"functions":{"total":20,"covered":20,"skipped":0,"pct":100},"statements":{"total":224,"covered":214,"skipped":0,"pct":95.53},"branches":{"total":55,"covered":50,"skipped":0,"pct":90.9}}
,"/Users/hue/code/cmdrouter/.worktrees/CCROUTE-AUTO-001/src/router/eligibility.ts": {"lines":{"total":171,"covered":168,"skipped":0,"pct":98.24},"functions":{"total":5,"covered":5,"skipped":0,"pct":100},"statements":{"total":171,"covered":168,"skipped":0,"pct":98.24},"branches":{"total":82,"covered":80,"skipped":0,"pct":97.56}}
,"/Users/hue/code/cmdrouter/.worktrees/CCROUTE-AUTO-001/src/router/explain.ts": {"lines":{"total":100,"covered":100,"skipped":0,"pct":100},"functions":{"total":1,"covered":1,"skipped":0,"pct":100},"statements":{"total":100,"covered":100,"skipped":0,"pct":100},"branches":{"total":8,"covered":7,"skipped":0,"pct":87.5}}
,"/Users/hue/code/cmdrouter/.worktrees/CCROUTE-AUTO-001/src/router/scorer.ts": {"lines":{"total":67,"covered":67,"skipped":0,"pct":100},"functions":{"total":3,"covered":3,"skipped":0,"pct":100},"statements":{"total":67,"covered":67,"skipped":0,"pct":100},"branches":{"total":14,"covered":14,"skipped":0,"pct":100}}
,"/Users/hue/code/cmdrouter/.worktrees/CCROUTE-AUTO-001/src/router/select.ts": {"lines":{"total":162,"covered":158,"skipped":0,"pct":97.53},"functions":{"total":7,"covered":7,"skipped":0,"pct":100},"statements":{"total":162,"covered":158,"skipped":0,"pct":97.53},"branches":{"total":64,"covered":60,"skipped":0,"pct":93.75}}
,"/Users/hue/code/cmdrouter/.worktrees/CCROUTE-AUTO-001/src/router/token-estimate.ts": {"lines":{"total":16,"covered":16,"skipped":0,"pct":100},"functions":{"total":2,"covered":2,"skipped":0,"pct":100},"statements":{"total":16,"covered":16,"skipped":0,"pct":100},"branches":{"total":4,"covered":4,"skipped":0,"pct":100}}
,"/Users/hue/code/cmdrouter/.worktrees/CCROUTE-AUTO-001/src/security/command-policy.ts": {"lines":{"total":53,"covered":53,"skipped":0,"pct":100},"functions":{"total":3,"covered":3,"skipped":0,"pct":100},"statements":{"total":53,"covered":53,"skipped":0,"pct":100},"branches":{"total":39,"covered":39,"skipped":0,"pct":100}}
,"/Users/hue/code/cmdrouter/.worktrees/CCROUTE-AUTO-001/src/security/git-safety.ts": {"lines":{"total":26,"covered":26,"skipped":0,"pct":100},"functions":{"total":2,"covered":2,"skipped":0,"pct":100},"statements":{"total":26,"covered":26,"skipped":0,"pct":100},"branches":{"total":12,"covered":11,"skipped":0,"pct":91.66}}
,"/Users/hue/code/cmdrouter/.worktrees/CCROUTE-AUTO-001/src/security/path-policy.ts": {"lines":{"total":25,"covered":24,"skipped":0,"pct":96},"functions":{"total":2,"covered":2,"skipped":0,"pct":100},"statements":{"total":25,"covered":24,"skipped":0,"pct":96},"branches":{"total":9,"covered":7,"skipped":0,"pct":77.77}}
,"/Users/hue/code/cmdrouter/.worktrees/CCROUTE-AUTO-001/src/security/recursion-guard.ts": {"lines":{"total":53,"covered":53,"skipped":0,"pct":100},"functions":{"total":7,"covered":7,"skipped":0,"pct":100},"statements":{"total":53,"covered":53,"skipped":0,"pct":100},"branches":{"total":20,"covered":20,"skipped":0,"pct":100}}
,"/Users/hue/code/cmdrouter/.worktrees/CCROUTE-AUTO-001/src/subprocess/commandcode.ts": {"lines":{"total":110,"covered":107,"skipped":0,"pct":97.27},"functions":{"total":3,"covered":3,"skipped":0,"pct":100},"statements":{"total":110,"covered":107,"skipped":0,"pct":97.27},"branches":{"total":30,"covered":27,"skipped":0,"pct":90}}
,"/Users/hue/code/cmdrouter/.worktrees/CCROUTE-AUTO-001/src/subprocess/environment.ts": {"lines":{"total":29,"covered":29,"skipped":0,"pct":100},"functions":{"total":2,"covered":2,"skipped":0,"pct":100},"statements":{"total":29,"covered":29,"skipped":0,"pct":100},"branches":{"total":8,"covered":8,"skipped":0,"pct":100}}
,"/Users/hue/code/cmdrouter/.worktrees/CCROUTE-AUTO-001/src/subprocess/timeout.ts": {"lines":{"total":9,"covered":9,"skipped":0,"pct":100},"functions":{"total":2,"covered":2,"skipped":0,"pct":100},"statements":{"total":9,"covered":9,"skipped":0,"pct":100},"branches":{"total":3,"covered":3,"skipped":0,"pct":100}}
,"/Users/hue/code/cmdrouter/.worktrees/CCROUTE-AUTO-001/src/telemetry/aggregate.ts": {"lines":{"total":60,"covered":60,"skipped":0,"pct":100},"functions":{"total":3,"covered":3,"skipped":0,"pct":100},"statements":{"total":60,"covered":60,"skipped":0,"pct":100},"branches":{"total":41,"covered":41,"skipped":0,"pct":100}}
,"/Users/hue/code/cmdrouter/.worktrees/CCROUTE-AUTO-001/src/telemetry/redact.ts": {"lines":{"total":24,"covered":24,"skipped":0,"pct":100},"functions":{"total":2,"covered":2,"skipped":0,"pct":100},"statements":{"total":24,"covered":24,"skipped":0,"pct":100},"branches":{"total":3,"covered":3,"skipped":0,"pct":100}}
,"/Users/hue/code/cmdrouter/.worktrees/CCROUTE-AUTO-001/src/telemetry/store.ts": {"lines":{"total":34,"covered":34,"skipped":0,"pct":100},"functions":{"total":2,"covered":2,"skipped":0,"pct":100},"statements":{"total":34,"covered":34,"skipped":0,"pct":100},"branches":{"total":11,"covered":11,"skipped":0,"pct":100}}
}
